<?xml version="1.0" encoding="UTF-8"?>
<!-- Generated by org.testng.reporters.JUnitReportReporter -->
<testsuite hostname="DESKTOP-3MFM675" name="testscripts.PerfumeOrderTest" tests="1" failures="0" timestamp="24 Jul 2018 14:25:18 GMT" time="20.827" errors="0">
  <testcase name="verify_perfume_order_by_user" time="20.827" classname="testscripts.PerfumeOrderTest"/>
</testsuite> <!-- testscripts.PerfumeOrderTest -->
